%!Adobe-FontList 1.23
%Locale:0x409

%BeginFont
Handler:DirectoryHandler
FontType:TrueType
FontName:CooperBlack
FamilyName:Cooper Black
StyleName:Regular
FullName:Cooper Black
MenuName:Cooper Black
StyleBits:0
WritingScript:Roman
OutlineFileName:C:\Users\aprilmcyr\OneDrive - A-B Tech. Comm. College\Lingua-main (1)\Lingua-main\assets\Brochure\KitchenLingua-BrochureFinal-AprilCyr Folder\Document fonts\COOPBL.TTF
DataFormat:sfntData
hasSVG:no
hasCOLR:no
VariableFontType:NonVariableFont
FileLength:80388
FileModTime:1675352602
WeightClass:400
WidthClass:5
AngleClass:0
NameArray:0,Mac,4,Cooper Black
NameArray:0,Win,1,Cooper Black
%EndFont

%BeginFont
Handler:DirectoryHandler
FontType:TrueType
FontName:Gabriola
FamilyName:Gabriola
StyleName:Regular
FullName:Gabriola
MenuName:Gabriola
StyleBits:0
WritingScript:Roman
OutlineFileName:C:\Users\aprilmcyr\OneDrive - A-B Tech. Comm. College\Lingua-main (1)\Lingua-main\assets\Brochure\KitchenLingua-BrochureFinal-AprilCyr Folder\Document fonts\Gabriola.ttf
DataFormat:sfntData
hasSVG:no
hasCOLR:no
VariableFontType:NonVariableFont
FileLength:1806004
FileModTime:1651897164
WeightClass:400
WidthClass:5
AngleClass:0
NameArray:0,Mac,4,Gabriola
NameArray:0,Win,1,Gabriola
%EndFont

%BeginFont
Handler:DirectoryHandler
FontType:TrueType
FontName:MonotypeCorsiva
FamilyName:Monotype Corsiva
StyleName:Regular
FullName:Monotype Corsiva
MenuName:Monotype Corsiva
StyleBits:1
WritingScript:Roman
OutlineFileName:C:\Users\aprilmcyr\OneDrive - A-B Tech. Comm. College\Lingua-main (1)\Lingua-main\assets\Brochure\KitchenLingua-BrochureFinal-AprilCyr Folder\Document fonts\MTCORSVA.TTF
DataFormat:sfntData
hasSVG:no
hasCOLR:no
VariableFontType:NonVariableFont
FileLength:157360
FileModTime:1675352604
WeightClass:400
WidthClass:5
AngleClass:1
NameArray:0,Mac,4,Monotype Corsiva
NameArray:0,Win,1,Monotype Corsiva
%EndFont

%BeginFont
Handler:DirectoryHandler
FontType:Type1
FontName:MinionPro-Regular
FamilyName:Minion Pro
StyleName:Regular
FullName:Minion Pro
MenuName:Minion Pro
StyleBits:0
WritingScript:Roman
OutlineFileName:C:\Users\aprilmcyr\OneDrive - A-B Tech. Comm. College\Lingua-main (1)\Lingua-main\assets\Brochure\KitchenLingua-BrochureFinal-AprilCyr Folder\Document fonts\MinionPro-Regular.otf
DataFormat:sfntData
UsesStandardEncoding:yes
isCFF:yes
hasSVG:no
hasCOLR:no
VariableFontType:NonVariableFont
FileLength:218640
FileModTime:1693333653
WeightClass:400
WidthClass:5
AngleClass:0
DesignSize:110
NameArray:0,Mac,4,Minion Pro
NameArray:0,Win,1,Minion Pro
%EndFont

%BeginFont
Handler:DirectoryHandler
FontType:TrueType
FontName:Solitreo-Regular
FamilyName:Solitreo
StyleName:Regular
FullName:Solitreo Regular
MenuName:Solitreo
StyleBits:0
WritingScript:Roman
OutlineFileName:C:\Users\aprilmcyr\OneDrive - A-B Tech. Comm. College\Lingua-main (1)\Lingua-main\assets\Brochure\KitchenLingua-BrochureFinal-AprilCyr Folder\Document fonts\Solitreo-Regular.ttf
DataFormat:sfntData
hasSVG:no
hasCOLR:no
VariableFontType:NonVariableFont
FileLength:94004
FileModTime:1693496565
WeightClass:400
WidthClass:5
AngleClass:0
NameArray:0,Win,1,Solitreo
%EndFont

%BeginFont
Handler:DirectoryHandler
FontType:TrueType
FontName:ArialMT
FamilyName:Arial
StyleName:Regular
FullName:Arial
MenuName:Arial
StyleBits:0
WritingScript:Roman
OutlineFileName:C:\Users\aprilmcyr\OneDrive - A-B Tech. Comm. College\Lingua-main (1)\Lingua-main\assets\Brochure\KitchenLingua-BrochureFinal-AprilCyr Folder\Document fonts\arial.ttf
DataFormat:sfntData
hasSVG:no
hasCOLR:no
VariableFontType:NonVariableFont
FileLength:1045960
FileModTime:1651897158
WeightClass:400
WidthClass:5
AngleClass:0
NameArray:0,Mac,4,Arial
NameArray:0,Win,1,Arial
%EndFont

